Recherche de git dans : git
Utilisation de git 2.26.2 à partir de git
> git rev-parse --show-toplevel
> git rev-parse --git-dir
Open repository: /home/steph
> git status -z -u
> git show :sprint_03/index.html
> git check-ignore -v -z --stdin
> git show :sprint_03/styles.css
> git check-ignore -v -z --stdin
> git show :sprint_03/script.js
> git check-ignore -v -z --stdin
> git show :sprint_03/styles.css
> git show :sprint_03/script.js
> git show :sprint_03/script.js
> git symbolic-ref --short HEAD
> git rev-parse main
> git rev-parse --symbolic-full-name main@{u}
> git rev-list --left-right main...refs/remotes/origin/main
> git for-each-ref --format %(refname) %(objectname) --sort -committerdate
> git remote --verbose
> git config --get commit.template
> git show :sprint_03/styles.css
> git show :sprint_03/script.js
> git show :sprint_03/styles.css
> git show :sprint_03/index.html
> git show :sprint_03/styles.css
> git show :sprint_03/index.html
> git show :sprint_03/styles.css
> git show :sprint_03/index.html
> git show :sprint_03/styles.css
> git show :sprint_03/index.html
> git show :sprint_03/styles.css
> git show :sprint_03/index.html
> git show :sprint_03/styles.css
> git show :sprint_03/index.html
> git show :sprint_03/styles.css
> git show :sprint_03/index.html
> git show :sprint_03/styles.css
