Recherche de git dans : git
Utilisation de git 2.26.2 à partir de git
> git rev-parse --show-toplevel
> git rev-parse --git-dir
Open repository: /home/steph/sprint_02
> git status -z -u
> git symbolic-ref --short HEAD
> git rev-parse master
> git rev-parse --symbolic-full-name master@{u}
> git rev-list --left-right master...refs/remotes/origin/master
> git for-each-ref --format %(refname) %(objectname) --sort -committerdate
> git remote --verbose
> git config --get commit.template
> git show :contact.html
> git check-ignore -v -z --stdin
> git show :style.css
> git check-ignore -v -z --stdin
> git show :contact.html
> git show :style.css
> git show :contact.html
> git show :style.css
> git show :contact.html
> git show :style.css
> git show :contact.html
> git show :style.css
> git show :contact.html
> git show :style.css
> git show :contact.html
> git show :style.css
> git show :contact.html
> git show :style.css
> git show :contact.html
> git show :style.css
> git show :contact.html
> git show :style.css
> git show :contact.html
> git show :style.css
> git show :contact.html
> git status -z -u
> git symbolic-ref --short HEAD
> git rev-parse master
> git rev-parse --symbolic-full-name master@{u}
> git rev-list --left-right master...refs/remotes/origin/master
> git for-each-ref --format %(refname) %(objectname) --sort -committerdate
> git remote --verbose
> git config --get commit.template
> git status -z -u
> git symbolic-ref --short HEAD
> git rev-parse master
> git rev-parse --symbolic-full-name master@{u}
> git rev-list --left-right master...refs/remotes/origin/master
> git for-each-ref --format %(refname) %(objectname) --sort -committerdate
> git remote --verbose
> git config --get commit.template
> git show :style.css
> git show :contact.html
> git show :style.css
